========================================================
= Log Started 230807_135722  ===========================
========================================================
Timestamp : 230807_135722 
Severity : INFO
Message : Started create_pid_file function
========================================================
[create_pid_file $$=4172]
[input pid=4172]
Timestamp : 230807_135722 
Severity : INFO
Message : PID file created succesfully, PID=4172
========================================================
Timestamp : 230807_135722 
Severity : INFO
Message : Finished create_pid_file function
========================================================
flag -s is set
flag -p is set
argument : TEST
gcc inner.o -o inner
========================================================
Timestamp : 230807_135722 
Severity : INFO
Message : Running C executable
========================================================
Hello There[INPUT_PID=44944944]
Timestamp : 230807_135723 
Severity : INFO
Message : Started delete_pid_file function
========================================================
Timestamp : 230807_135723 
Severity : INFO
Message : deleting PID file: ./work/20230807_135722/daemon_template.pid
========================================================
Timestamp : 230807_135723 
Severity : INFO
Message : Daemon daemon_template has stopped
========================================================
Timestamp : 230807_135733 
Severity : INFO
Message : Process Ended
========================================================
