./myScript.sh:55: command not found: print_log
========================================================
Timestamp : 230722_201611 
Severity : INFO
Message : Process ID is 46711
========================================================
The Process [46711] says: The current date and time is 2023-07-22 20:16:41
========================================================
Timestamp : 230722_201641 
Severity : INFO
Message : Process ID is 46711
========================================================
The Process [46711] says: The current date and time is 2023-07-22 20:17:11
========================================================
Timestamp : 230722_201711 
Severity : INFO
Message : Process ID is 46711
========================================================
The Process [46711] says: The current date and time is 2023-07-22 20:17:41
========================================================
Timestamp : 230722_201741 
Severity : INFO
Message : Process ID is 46711
========================================================
The Process [46711] says: The current date and time is 2023-07-22 20:18:11
========================================================
Timestamp : 230722_201811 
Severity : INFO
Message : Process ID is 46711
========================================================
The Process [46711] says: The current date and time is 2023-07-22 20:18:41
========================================================
Timestamp : 230722_201841 
Severity : INFO
Message : Process ID is 46711
========================================================
The Process [46711] says: The current date and time is 2023-07-22 20:19:11
========================================================
Timestamp : 230722_201911 
Severity : INFO
Message : Process ID is 46711
========================================================
The Process [46711] says: The current date and time is 2023-07-22 20:19:41
========================================================
Timestamp : 230722_201941 
Severity : INFO
Message : Process ID is 46711
========================================================
The Process [46711] says: The current date and time is 2023-07-22 20:20:11
========================================================
Timestamp : 230722_202011 
Severity : INFO
Message : Process ID is 46711
========================================================
The Process [46711] says: The current date and time is 2023-07-22 20:20:41
========================================================
Timestamp : 230722_202041 
Severity : INFO
Message : Process ID is 46711
========================================================
The Process [46711] says: The current date and time is 2023-07-22 20:21:11
========================================================
Timestamp : 230722_202111 
Severity : INFO
Message : Process ID is 46711
========================================================
The Process [46711] says: The current date and time is 2023-07-22 20:21:41
========================================================
Timestamp : 230722_202141 
Severity : INFO
Message : Process ID is 46711
========================================================
The Process [46711] says: The current date and time is 2023-07-22 20:22:11
========================================================
Timestamp : 230722_202211 
Severity : INFO
Message : Process ID is 46711
========================================================
The Process [46711] says: The current date and time is 2023-07-22 20:22:41
========================================================
Timestamp : 230722_202241 
Severity : INFO
Message : Process ID is 46711
========================================================
The Process [46711] says: The current date and time is 2023-07-22 20:23:11
========================================================
Timestamp : 230722_202311 
Severity : INFO
Message : Process ID is 46711
========================================================
The Process [46711] says: The current date and time is 2023-07-22 20:23:41
========================================================
Timestamp : 230722_202341 
Severity : INFO
Message : Process ID is 46711
========================================================
The Process [46711] says: The current date and time is 2023-07-22 20:24:11
========================================================
Timestamp : 230722_202411 
Severity : INFO
Message : Process ID is 46711
========================================================
The Process [46711] says: The current date and time is 2023-07-22 20:26:37
========================================================
Timestamp : 230722_202637 
Severity : INFO
Message : Process ID is 46711
========================================================
The Process [46711] says: The current date and time is 2023-07-22 20:27:07
========================================================
Timestamp : 230722_202707 
Severity : INFO
Message : Process ID is 46711
========================================================
